DEVICE BOOT REPORT

InTouch log file: device3_intouch.log
LINE SCANNED: 41856

DEVICE BOOT COUNT: INITIATED = 25, COMPLETED = 10


=== DEVICE BOOT ===
31063(device3_intouch.log)2014-Jan-26 09:55:07 BOOT START
31176(device3_intouch.log)2014-Jan-26 09:58:04 BOOT COMPLETE
	BOOT TIME: 177000ms

=== DEVICE BOOT ===
31274(device3_intouch.log)2014-Jan-26 12:15:18 BOOT START
**** INCOMPLETE BOOT ****

=== DEVICE BOOT ===
31293(device3_intouch.log)2014-Jan-26 14:02:39 BOOT START
31401(device3_intouch.log)2014-Jan-26 14:05:24 BOOT COMPLETE
	BOOT TIME: 165000ms

=== DEVICE BOOT ===
32623(device3_intouch.log)2014-Jan-27 12:27:55 BOOT START
**** INCOMPLETE BOOT ****

=== DEVICE BOOT ===
32641(device3_intouch.log)2014-Jan-27 12:30:23 BOOT START
**** INCOMPLETE BOOT ****

=== DEVICE BOOT ===
32656(device3_intouch.log)2014-Jan-27 12:32:51 BOOT START
**** INCOMPLETE BOOT ****

=== DEVICE BOOT ===
32674(device3_intouch.log)2014-Jan-27 12:35:19 BOOT START
**** INCOMPLETE BOOT ****

=== DEVICE BOOT ===
32693(device3_intouch.log)2014-Jan-27 14:02:38 BOOT START
32801(device3_intouch.log)2014-Jan-27 14:05:21 BOOT COMPLETE
	BOOT TIME: 163000ms

=== DEVICE BOOT ===
33709(device3_intouch.log)2014-Jan-28 12:44:17 BOOT START
**** INCOMPLETE BOOT ****

=== DEVICE BOOT ===
33725(device3_intouch.log)2014-Jan-28 14:02:33 BOOT START
33833(device3_intouch.log)2014-Jan-28 14:05:15 BOOT COMPLETE
	BOOT TIME: 162000ms

=== DEVICE BOOT ===
34594(device3_intouch.log)2014-Jan-29 12:43:07 BOOT START
**** INCOMPLETE BOOT ****

=== DEVICE BOOT ===
34613(device3_intouch.log)2014-Jan-29 14:02:35 BOOT START
34721(device3_intouch.log)2014-Jan-29 14:05:19 BOOT COMPLETE
	BOOT TIME: 164000ms

=== DEVICE BOOT ===
37428(device3_intouch.log)2014-Jan-30 12:43:05 BOOT START
**** INCOMPLETE BOOT ****

=== DEVICE BOOT ===
37447(device3_intouch.log)2014-Jan-30 14:02:40 BOOT START
37555(device3_intouch.log)2014-Jan-30 14:05:22 BOOT COMPLETE
	BOOT TIME: 162000ms

=== DEVICE BOOT ===
38258(device3_intouch.log)2014-Jan-31 14:02:33 BOOT START
38366(device3_intouch.log)2014-Jan-31 14:05:16 BOOT COMPLETE
	BOOT TIME: 163000ms

=== DEVICE BOOT ===
39150(device3_intouch.log)2014-Feb-01 12:39:38 BOOT START
**** INCOMPLETE BOOT ****

=== DEVICE BOOT ===
39166(device3_intouch.log)2014-Feb-01 12:42:07 BOOT START
**** INCOMPLETE BOOT ****

=== DEVICE BOOT ===
39182(device3_intouch.log)2014-Feb-01 14:02:32 BOOT START
39290(device3_intouch.log)2014-Feb-01 14:05:16 BOOT COMPLETE
	BOOT TIME: 164000ms

=== DEVICE BOOT ===
40288(device3_intouch.log)2014-Feb-02 14:02:39 BOOT START
40397(device3_intouch.log)2014-Feb-02 14:05:31 BOOT COMPLETE
	BOOT TIME: 172000ms

=== DEVICE BOOT ===
41615(device3_intouch.log)2014-Feb-03 12:35:55 BOOT START
**** INCOMPLETE BOOT ****

=== DEVICE BOOT ===
41633(device3_intouch.log)2014-Feb-03 12:38:22 BOOT START
**** INCOMPLETE BOOT ****

=== DEVICE BOOT ===
41648(device3_intouch.log)2014-Feb-03 12:40:48 BOOT START
**** INCOMPLETE BOOT ****

=== DEVICE BOOT ===
41666(device3_intouch.log)2014-Feb-03 12:43:17 BOOT START
**** INCOMPLETE BOOT ****

=== DEVICE BOOT ===
41684(device3_intouch.log)2014-Feb-03 12:45:46 BOOT START
**** INCOMPLETE BOOT ****

=== DEVICE BOOT ===
41694(device3_intouch.log)2014-Feb-03 14:02:34 BOOT START
41802(device3_intouch.log)2014-Feb-03 14:05:18 BOOT COMPLETE
	BOOT TIME: 164000ms

