DEVICE BOOT REPORT

InTouch log file: device6_intouch.log
LINE SCANNED: 90672

DEVICE BOOT COUNT: INITIATED = 14, COMPLETED = 12


=== DEVICE BOOT ===
2(device6_intouch.log)2014-Apr-03 20:27:48 BOOT START
161(device6_intouch.log)2014-Apr-03 20:31:01 BOOT COMPLETE
	BOOT TIME: 193000ms

=== DEVICE BOOT ===
82079(device6_intouch.log)2014-Apr-09 14:51:15 BOOT START
82303(device6_intouch.log)2014-Apr-09 14:54:39 BOOT COMPLETE
	BOOT TIME: 204000ms

=== DEVICE BOOT ===
85398(device6_intouch.log)2014-Apr-10 18:13:13 BOOT START
85564(device6_intouch.log)2014-Apr-10 18:16:37 BOOT COMPLETE
	BOOT TIME: 204000ms

=== DEVICE BOOT ===
85957(device6_intouch.log)2014-Apr-10 19:11:05 BOOT START
86123(device6_intouch.log)2014-Apr-10 19:14:24 BOOT COMPLETE
	BOOT TIME: 199000ms

=== DEVICE BOOT ===
86127(device6_intouch.log)2014-Apr-10 19:18:36 BOOT START
86293(device6_intouch.log)2014-Apr-10 19:21:56 BOOT COMPLETE
	BOOT TIME: 200000ms

=== DEVICE BOOT ===
86568(device6_intouch.log)2014-Apr-10 19:32:16 BOOT START
86732(device6_intouch.log)2014-Apr-10 19:35:36 BOOT COMPLETE
	BOOT TIME: 200000ms

=== DEVICE BOOT ===
86750(device6_intouch.log)2014-Apr-10 20:06:27 BOOT START
86821(device6_intouch.log)2014-Apr-10 20:09:07 BOOT COMPLETE
	BOOT TIME: 160000ms

=== DEVICE BOOT ===
86939(device6_intouch.log)2014-Apr-11 00:15:56 BOOT START
87111(device6_intouch.log)2014-Apr-11 00:18:49 BOOT COMPLETE
	BOOT TIME: 173000ms

=== DEVICE BOOT ===
87116(device6_intouch.log)2014-Apr-11 13:28:25 BOOT START
87286(device6_intouch.log)2014-Apr-11 13:31:12 BOOT COMPLETE
	BOOT TIME: 167000ms

=== DEVICE BOOT ===
87836(device6_intouch.log)2014-Apr-11 13:58:02 BOOT START
88009(device6_intouch.log)2014-Apr-11 14:00:49 BOOT COMPLETE
	BOOT TIME: 167000ms

=== DEVICE BOOT ===
88983(device6_intouch.log)2014-Apr-11 14:23:42 BOOT START
89155(device6_intouch.log)2014-Apr-11 14:26:31 BOOT COMPLETE
	BOOT TIME: 169000ms

=== DEVICE BOOT ===
90112(device6_intouch.log)2014-Apr-14 12:13:59 BOOT START
**** INCOMPLETE BOOT ****

=== DEVICE BOOT ===
90135(device6_intouch.log)2014-Apr-14 12:16:13 BOOT START
**** INCOMPLETE BOOT ****

=== DEVICE BOOT ===
90176(device6_intouch.log)2014-Apr-14 12:18:44 BOOT START
90307(device6_intouch.log)2014-Apr-14 12:21:25 BOOT COMPLETE
	BOOT TIME: 161000ms

