DEVICE BOOT REPORT

InTouch log file: device1_intouch.log
LINE SCANNED: 443839

DEVICE BOOT COUNT: INITIATED = 6, COMPLETED = 6


=== DEVICE BOOT ===
435369(device1_intouch.log)2014-Mar-25 19:11:59 BOOT START
435759(device1_intouch.log)2014-Mar-25 19:15:02 BOOT COMPLETE
	BOOT TIME: 183000ms

=== DEVICE BOOT ===
436500(device1_intouch.log)2014-Mar-25 19:29:59 BOOT START
436859(device1_intouch.log)2014-Mar-25 19:32:44 BOOT COMPLETE
	BOOT TIME: 165000ms

=== DEVICE BOOT ===
440719(device1_intouch.log)2014-Mar-25 22:01:46 BOOT START
440791(device1_intouch.log)2014-Mar-25 22:04:27 BOOT COMPLETE
	BOOT TIME: 161000ms

=== DEVICE BOOT ===
440866(device1_intouch.log)2014-Mar-26 12:47:42 BOOT START
441216(device1_intouch.log)2014-Mar-26 12:50:29 BOOT COMPLETE
	BOOT TIME: 167000ms

=== DEVICE BOOT ===
442094(device1_intouch.log)2014-Mar-26 20:41:34 BOOT START
442432(device1_intouch.log)2014-Mar-26 20:44:13 BOOT COMPLETE
	BOOT TIME: 159000ms

=== DEVICE BOOT ===
443073(device1_intouch.log)2014-Mar-27 14:09:01 BOOT START
443411(device1_intouch.log)2014-Mar-27 14:11:42 BOOT COMPLETE
	BOOT TIME: 161000ms

